2025-04-23 00:06:40,531 - INFO - Credentials menu selected.
2025-04-23 00:07:23,769 - INFO - The main menu has been launched
2025-04-23 00:07:29,333 - INFO - Credentials menu selected.
2025-04-23 00:07:37,722 - INFO - Token validated successfully with API.
2025-04-23 00:07:39,932 - INFO - Access token refreshed successfully.
2025-04-23 00:07:40,164 - INFO - Token validated successfully with API.
2025-04-23 00:08:07,512 - INFO - Datasets & Schemas menu selected.
2025-04-23 00:08:12,892 - INFO - Token validated successfully with API.
2025-04-23 00:08:12,969 - ERROR - Schema list request failed: 404 Client Error: Not Found for url: https://platform.adobe.io/data/foundation/schema/registry/schemas
2025-04-23 00:41:50,785 - INFO - Datasets & Schemas menu selected.
2025-04-23 00:41:56,076 - INFO - Token validated successfully with API.
2025-04-23 00:41:56,150 - ERROR - Schema list request failed: 404 Client Error: Not Found for url: https://platform.adobe.io/data/foundation/schema/registry/schemas
2025-04-23 00:45:56,401 - INFO - The main menu has been launched
2025-04-23 00:46:06,137 - INFO - The main menu has been launched
2025-04-23 00:46:21,038 - INFO - Datasets & Schemas menu selected.
2025-04-23 00:46:30,899 - INFO - Token validated successfully with API.
2025-04-23 00:46:30,974 - ERROR - Schema list request failed: 404 Client Error: Not Found for url: https://platform.adobe.io/data/foundation/schema/registry/schemas
2025-04-23 00:57:54,026 - INFO - The main menu has been launched
2025-04-23 00:58:05,275 - INFO - Datasets & Schemas menu selected.
2025-04-23 00:58:09,230 - INFO - Token validated successfully with API.
2025-04-23 00:58:09,315 - ERROR - Schema list request failed: 404 Client Error: Not Found for url: https://platform.adobe.io/data/foundation/schema/registry/schemas
2025-04-23 00:58:18,904 - INFO - Token validated successfully with API.
2025-04-23 00:59:12,080 - INFO - The main menu has been launched
2025-04-23 01:09:04,694 - INFO - Datasets & Schemas menu selected.
2025-04-23 01:09:15,697 - INFO - Datasets & Schemas menu selected.
2025-04-23 01:09:19,466 - ERROR - Token validation request failed: HTTPSConnectionPool(host='platform.adobe.io', port=443): Max retries exceeded with url: /data/core/ups/config/mergePolicies (Caused by SSLError(SSLCertVerificationError(1, '[SSL: CERTIFICATE_VERIFY_FAILED] certificate verify failed: unable to get local issuer certificate (_ssl.c:1020)')))
2025-04-23 01:09:45,025 - INFO - The main menu has been launched
2025-04-23 01:09:53,558 - INFO - Datasets & Schemas menu selected.
2025-04-23 01:09:58,087 - INFO - Token validated successfully with API.
2025-04-23 01:10:31,394 - INFO - Datasets & Schemas menu selected.
2025-04-23 01:10:33,711 - INFO - Token validated successfully with API.
2025-04-23 01:19:56,738 - INFO - Datasets & Schemas menu selected.
2025-04-23 01:24:41,853 - INFO - Datasets & Schemas menu selected.
2025-04-23 01:24:43,802 - INFO - Token validated successfully with API.
2025-04-23 01:39:10,055 - INFO - Datasets & Schemas menu selected.
2025-04-23 01:40:19,444 - INFO - Datasets & Schemas menu selected.
2025-04-23 01:40:21,665 - INFO - Token validated successfully with API.
2025-04-23 01:41:52,661 - INFO - Token validated successfully with API.
2025-04-23 01:42:13,429 - INFO - Datasets & Schemas menu selected.
2025-04-23 01:42:19,333 - INFO - Token validated successfully with API.
2025-04-23 09:26:37,236 - INFO - Datasets & Schemas menu selected.
2025-04-23 09:26:40,692 - ERROR - Token validation request failed: HTTPSConnectionPool(host='platform.adobe.io', port=443): Max retries exceeded with url: /data/core/ups/config/mergePolicies (Caused by SSLError(SSLCertVerificationError(1, '[SSL: CERTIFICATE_VERIFY_FAILED] certificate verify failed: unable to get local issuer certificate (_ssl.c:1020)')))
2025-04-23 09:27:11,458 - INFO - The main menu has been launched
2025-04-23 09:27:35,606 - INFO - Datasets & Schemas menu selected.
2025-04-23 09:27:38,802 - INFO - Token validated successfully with API.
2025-04-23 09:28:26,259 - INFO - The main menu has been launched
2025-04-23 20:57:53,225 - INFO - Credentials menu selected.
2025-04-23 20:57:55,777 - INFO - Access token refreshed successfully.
2025-04-23 20:57:56,481 - INFO - Token validated successfully with API.
2025-04-23 20:58:18,392 - INFO - Datasets & Schemas menu selected.
2025-04-23 21:00:05,870 - INFO - Token validated successfully with API.
2025-04-23 21:00:28,948 - INFO - Token validated successfully with API.
2025-04-23 21:00:39,730 - ERROR - Namespace dataset search failed: 404 Client Error: Not Found for url: https://platform.adobe.io/catalog/dataSets
2025-04-23 22:02:19,231 - INFO - Segmentation menu selected.
2025-04-23 22:06:04,908 - INFO - Segmentation menu selected.
2025-04-23 23:44:36,007 - INFO - Segmentation menu selected.
2025-04-23 23:44:36,117 - ERROR - Token validation request failed: HTTPSConnectionPool(host='platform.adobe.io', port=443): Max retries exceeded with url: /data/core/ups/config/mergePolicies (Caused by SSLError(SSLCertVerificationError(1, '[SSL: CERTIFICATE_VERIFY_FAILED] certificate verify failed: unable to get local issuer certificate (_ssl.c:1020)')))
2025-04-23 23:44:36,163 - ERROR - Token validation request failed: HTTPSConnectionPool(host='platform.adobe.io', port=443): Max retries exceeded with url: /data/core/ups/config/mergePolicies (Caused by SSLError(SSLCertVerificationError(1, '[SSL: CERTIFICATE_VERIFY_FAILED] certificate verify failed: unable to get local issuer certificate (_ssl.c:1020)')))
2025-04-23 23:44:36,204 - ERROR - Token validation request failed: HTTPSConnectionPool(host='platform.adobe.io', port=443): Max retries exceeded with url: /data/core/ups/config/mergePolicies (Caused by SSLError(SSLCertVerificationError(1, '[SSL: CERTIFICATE_VERIFY_FAILED] certificate verify failed: unable to get local issuer certificate (_ssl.c:1020)')))
2025-04-23 23:45:28,976 - INFO - The main menu has been launched
2025-04-23 23:45:35,460 - INFO - Credentials menu selected.
2025-04-23 23:45:38,985 - INFO - Access token refreshed successfully.
2025-04-23 23:45:39,223 - INFO - Token validated successfully with API.
2025-04-23 23:45:47,673 - INFO - Segmentation menu selected.
2025-04-23 23:45:47,904 - INFO - Token validated successfully with API.
2025-04-23 23:45:48,138 - INFO - Token validated successfully with API.
2025-04-23 23:45:48,355 - INFO - Token validated successfully with API.
2025-04-23 23:46:05,624 - INFO - Segmentation menu selected.
2025-04-23 23:46:05,840 - INFO - Token validated successfully with API.
2025-04-23 23:46:06,064 - INFO - Token validated successfully with API.
2025-04-23 23:46:06,292 - INFO - Token validated successfully with API.
2025-04-23 23:53:38,526 - INFO - The main menu has been launched
2025-04-23 23:53:47,436 - INFO - Segmentation menu selected.
2025-04-23 23:53:47,685 - INFO - Token validated successfully with API.
2025-06-10 20:06:06,882 - INFO - Logging system initialized.
2025-06-10 20:06:06,884 - INFO - Launching main menu...
2025-06-10 21:22:21,165 - INFO - Logging system initialized.
2025-06-10 21:22:21,165 - INFO - Launching main menu...
2025-06-10 21:31:37,246 - INFO - Logging system initialized.
2025-06-10 21:31:37,246 - INFO - Launching main menu...
2025-06-10 21:51:44,072 - INFO - Logging system initialized.
2025-06-10 21:51:44,072 - INFO - Launching main menu...
2025-06-11 08:46:43,565 - INFO - Logging system initialized.
2025-06-11 08:46:43,565 - INFO - Launching main menu...
2025-06-11 08:53:15,782 - INFO - Logging system initialized.
2025-06-11 08:53:15,782 - INFO - Launching main menu...
2025-06-11 08:53:17,545 - INFO - Datasets & Schemas menu selected.
2025-06-11 08:54:42,294 - INFO - Logging system initialized.
2025-06-11 08:54:42,294 - INFO - Launching main menu...
2025-06-11 08:54:44,514 - INFO - Datasets & Schemas menu selected.
2025-06-11 08:55:45,213 - INFO - Logging system initialized.
2025-06-11 08:55:45,214 - INFO - Launching main menu...
2025-06-11 08:55:47,030 - INFO - Datasets & Schemas menu selected.
2025-06-11 08:57:37,208 - INFO - Logging system initialized.
2025-06-11 08:57:37,208 - INFO - Launching main menu...
2025-06-11 08:57:38,990 - INFO - Datasets & Schemas menu selected.
2025-06-11 09:00:29,199 - INFO - Logging system initialized.
2025-06-11 09:00:29,199 - INFO - Launching main menu...
2025-06-11 09:00:31,160 - INFO - Datasets & Schemas menu selected.
2025-06-11 09:01:22,485 - INFO - Logging system initialized.
2025-06-11 09:01:22,485 - INFO - Launching main menu...
2025-06-11 09:01:23,977 - INFO - Datasets & Schemas menu selected.
2025-06-11 09:01:25,061 - ERROR - Error loading credentials: [Errno 2] No such file or directory: 'config/cit-credentials.json'
2025-06-11 09:01:25,061 - ERROR - Error loading credentials: [Errno 2] No such file or directory: 'config/cit-credentials.json'
2025-06-11 09:01:25,061 - ERROR - Error loading credentials: [Errno 2] No such file or directory: 'config/cit-credentials.json'
2025-06-11 09:01:25,061 - ERROR - Error loading credentials: [Errno 2] No such file or directory: 'config/cit-credentials.json'
2025-06-11 09:01:25,061 - ERROR - Error loading credentials: [Errno 2] No such file or directory: 'config/cit-credentials.json'
2025-06-11 09:01:25,061 - ERROR - Error loading credentials: [Errno 2] No such file or directory: 'config/cit-credentials.json'
2025-06-11 09:02:18,629 - INFO - Logging system initialized.
2025-06-11 09:02:18,629 - INFO - Launching main menu...
2025-06-11 09:04:12,357 - INFO - Logging system initialized.
2025-06-11 09:04:12,357 - INFO - Launching main menu...
2025-06-11 09:04:15,610 - INFO - Credentials menu selected.
2025-06-11 09:04:15,610 - ERROR - Error loading credentials: [Errno 2] No such file or directory: 'config/cit-credentials.json'
2025-06-11 09:04:24,066 - ERROR - Token refresh failed: python3: can't open file '/Users/Rahmel.moore/Documents/GitHub/rtcdp_api_kit/config/ims.token_refresh.py': [Errno 2] No such file or directory

2025-06-11 09:04:24,067 - ERROR - Error loading credentials: [Errno 2] No such file or directory: 'config/cit-credentials.json'
2025-06-11 09:04:31,733 - INFO - Logging system initialized.
2025-06-11 09:04:31,733 - INFO - Launching main menu...
2025-06-11 09:04:33,199 - INFO - Credentials menu selected.
2025-06-11 09:04:33,199 - ERROR - Error loading credentials: [Errno 2] No such file or directory: 'config/cit-credentials.json'
2025-06-11 09:04:33,905 - ERROR - Error loading credentials: [Errno 2] No such file or directory: 'config/cit-credentials.json'
2025-06-11 09:04:38,970 - ERROR - Error loading credentials: [Errno 2] No such file or directory: 'config/cit-credentials.json'
2025-06-11 09:04:43,529 - ERROR - Error loading credentials: [Errno 2] No such file or directory: 'config/cit-credentials.json'
2025-06-11 09:11:32,848 - INFO - Logging system initialized.
2025-06-11 09:11:32,848 - INFO - Launching main menu...
2025-06-11 09:11:34,409 - INFO - Credentials menu selected.
2025-06-11 09:11:37,534 - ERROR - Token refresh failed: python3: can't open file '/Users/Rahmel.moore/Documents/GitHub/rtcdp_api_kit/config/ims.token_refresh.py': [Errno 2] No such file or directory

2025-06-11 09:11:37,556 - ERROR - Token refresh failed: python3: can't open file '/Users/Rahmel.moore/Documents/GitHub/rtcdp_api_kit/config/ims.token_refresh.py': [Errno 2] No such file or directory

2025-06-11 09:13:10,972 - INFO - Main menu session ended.
2025-06-11 09:13:13,808 - INFO - Logging system initialized.
2025-06-11 09:13:13,808 - INFO - Launching main menu...
2025-06-11 09:13:15,228 - INFO - Credentials menu selected.
2025-06-11 09:13:17,560 - ERROR - Token refresh failed: python3: can't open file '/Users/Rahmel.moore/Documents/GitHub/rtcdp_api_kit/config/ims.token_refresh.py': [Errno 2] No such file or directory

2025-06-11 09:13:17,588 - ERROR - Token refresh failed: python3: can't open file '/Users/Rahmel.moore/Documents/GitHub/rtcdp_api_kit/config/ims.token_refresh.py': [Errno 2] No such file or directory

2025-06-11 09:13:17,705 - WARNING - Token invalid. Refreshing automatically.
2025-06-11 09:13:17,732 - ERROR - Token refresh failed: python3: can't open file '/Users/Rahmel.moore/Documents/GitHub/rtcdp_api_kit/config/ims.token_refresh.py': [Errno 2] No such file or directory

2025-06-11 09:13:44,813 - ERROR - Token refresh failed: python3: can't open file '/Users/Rahmel.moore/Documents/GitHub/rtcdp_api_kit/config/ims.token_refresh.py': [Errno 2] No such file or directory

2025-06-11 09:13:44,895 - WARNING - Token invalid. Refreshing automatically.
2025-06-11 09:13:44,928 - ERROR - Token refresh failed: python3: can't open file '/Users/Rahmel.moore/Documents/GitHub/rtcdp_api_kit/config/ims.token_refresh.py': [Errno 2] No such file or directory

2025-06-11 09:17:37,078 - INFO - Main menu session ended.
2025-06-11 09:17:40,997 - INFO - Logging system initialized.
2025-06-11 09:17:40,997 - INFO - Launching main menu...
2025-06-11 09:17:42,716 - INFO - Credentials menu selected.
2025-06-11 09:17:47,760 - ERROR - Token refresh failed: python3: can't open file '/Users/Rahmel.moore/Documents/GitHub/rtcdp_api_kit/config/ims.token_refresh.py': [Errno 2] No such file or directory

2025-06-11 09:17:47,878 - WARNING - Token invalid. Refreshing automatically.
2025-06-11 09:17:47,909 - ERROR - Token refresh failed: python3: can't open file '/Users/Rahmel.moore/Documents/GitHub/rtcdp_api_kit/config/ims.token_refresh.py': [Errno 2] No such file or directory

2025-06-11 09:27:46,881 - INFO - Main menu session ended.
2025-06-11 09:27:49,503 - INFO - Logging system initialized.
2025-06-11 09:27:49,503 - INFO - Launching main menu...
2025-06-11 09:27:51,140 - INFO - Credentials menu selected.
2025-06-11 09:27:54,694 - ERROR - Token refresh failed: python3: can't open file '/Users/Rahmel.moore/Documents/GitHub/rtcdp_api_kit/config/ims.token_refresh.py': [Errno 2] No such file or directory

2025-06-11 09:27:54,826 - WARNING - Token invalid. Refreshing automatically.
2025-06-11 09:27:54,864 - ERROR - Token refresh failed: python3: can't open file '/Users/Rahmel.moore/Documents/GitHub/rtcdp_api_kit/config/ims.token_refresh.py': [Errno 2] No such file or directory

2025-06-11 09:29:00,322 - INFO - Main menu session ended.
2025-06-11 09:30:34,784 - INFO - Logging system initialized.
2025-06-11 09:30:34,785 - INFO - Launching main menu...
2025-06-11 09:30:39,677 - INFO - Credentials menu selected.
2025-06-11 09:30:58,043 - ERROR - Token refresh failed: python3: can't open file '/Users/Rahmel.moore/Documents/GitHub/rtcdp_api_kit/config/ims.token_refresh.py': [Errno 2] No such file or directory

2025-06-11 09:30:58,063 - ERROR - Token refresh failed: python3: can't open file '/Users/Rahmel.moore/Documents/GitHub/rtcdp_api_kit/config/ims.token_refresh.py': [Errno 2] No such file or directory

2025-06-11 09:30:58,184 - WARNING - Token invalid. Refreshing automatically.
2025-06-11 09:30:58,213 - ERROR - Token refresh failed: python3: can't open file '/Users/Rahmel.moore/Documents/GitHub/rtcdp_api_kit/config/ims.token_refresh.py': [Errno 2] No such file or directory

2025-06-11 09:41:01,488 - INFO - Main menu session ended.
2025-06-11 09:41:03,557 - INFO - Logging system initialized.
2025-06-11 09:41:03,557 - INFO - Launching main menu...
2025-06-11 09:41:05,064 - INFO - Credentials menu selected.
2025-06-11 09:41:08,723 - INFO - Access token refreshed successfully.
2025-06-11 09:41:09,079 - INFO - Token validated successfully with API.
2025-06-11 09:41:21,930 - INFO - Datasets & Schemas menu selected.
2025-06-11 09:41:23,077 - INFO - Token validated successfully with API.
2025-06-11 09:44:59,629 - INFO - Logging system initialized.
2025-06-11 09:44:59,629 - INFO - Launching main menu...
2025-06-11 09:45:01,301 - INFO - Datasets & Schemas menu selected.
2025-06-11 09:45:45,454 - INFO - Logging system initialized.
2025-06-11 09:45:45,454 - INFO - Launching main menu...
2025-06-11 09:45:47,378 - INFO - Datasets & Schemas menu selected.
2025-06-11 09:45:49,327 - INFO - Token validated successfully with API.
2025-06-11 14:01:26,458 - INFO - Logging system initialized.
2025-06-11 14:01:26,459 - INFO - Launching main menu...
